"../../../../../../Users/max.denne/Documents/Dennick/VR_Publikum/Content/Blueprints/Audience/Face/C_FA_Zero1_0Zero.uasset" 0
"../../../../../../Users/max.denne/Documents/Dennick/VR_Publikum/Content/Character/Female_1/Female_1_Body_Diffuse.uasset" 1
"../../../../../../Users/max.denne/Documents/Dennick/VR_Publikum/Content/Character/Female_1/Female_1_Body_Gloss.uasset" 2
"../../../../../../Users/max.denne/Documents/Dennick/VR_Publikum/Content/Character/Female_1/Female_1_Body_Normal.uasset" 3
"../../../../../../Users/max.denne/Documents/Dennick/VR_Publikum/Content/Character/Female_1/Female_1_Body_Opacity.uasset" 4
"../../../../../../Users/max.denne/Documents/Dennick/VR_Publikum/Content/Character/Female_1/Female_1_Body_Specular.uasset" 5
"../../../../../../Users/max.denne/Documents/Dennick/VR_Publikum/Content/Character/Female_1/Female_2_PhysicsAsset.uasset" 6
"../../../../../../Users/max.denne/Documents/Dennick/VR_Publikum/Content/Character/Female_2/Female_2_Hair_Diffuse.uasset" 7
"../../../../../../Users/max.denne/Documents/Dennick/VR_Publikum/Content/Character/Female_2/Female_2_Hair_Gloss.uasset" 8
"../../../../../../Users/max.denne/Documents/Dennick/VR_Publikum/Content/Character/Female_2/Female_2_Hair_Normal.uasset" 9
"../../../../../../Users/max.denne/Documents/Dennick/VR_Publikum/Content/Character/Female_2/Female_2_Hair_Opacity.uasset" 10
"../../../../../../Users/max.denne/Documents/Dennick/VR_Publikum/Content/Character/Female_2/Female_2_Hair_Specular.uasset" 11
"../../../../../../Users/max.denne/Documents/Dennick/VR_Publikum/Content/Character/Male_1/Male_1_Hair_Diffuse.uasset" 12
"../../../../../../Users/max.denne/Documents/Dennick/VR_Publikum/Content/Character/Male_2/Male_2_Beard_Diffuse.uasset" 13
"../../../../../../Users/max.denne/Documents/Dennick/VR_Publikum/Content/Character/Male_2/Male_2_Beard_Gloss.uasset" 14
"../../../../../../Users/max.denne/Documents/Dennick/VR_Publikum/Content/Character/Male_2/Male_2_Beard_Normal.uasset" 15
"../../../../../../Users/max.denne/Documents/Dennick/VR_Publikum/Content/Character/Male_2/Male_2_Beard_Opacity.uasset" 16
"../../../../../../Users/max.denne/Documents/Dennick/VR_Publikum/Content/Character/Male_2/Male_2_Beard_Specular.uasset" 17
"../../../../../../Users/max.denne/Documents/Dennick/VR_Publikum/Content/Character/Male_2/Male_2_Body_Diffuse.uasset" 18
"../../../../../../Users/max.denne/Documents/Dennick/VR_Publikum/Content/Character/Male_2/Male_2_Body_Gloss.uasset" 19
"../../../../../../Users/max.denne/Documents/Dennick/VR_Publikum/Content/Character/Male_2/Male_2_Body_Normal.uasset" 20
"../../../../../../Users/max.denne/Documents/Dennick/VR_Publikum/Content/Character/Male_2/Male_2_Body_Opacity.uasset" 21
"../../../../../../Users/max.denne/Documents/Dennick/VR_Publikum/Content/Character/Male_2/Male_2_Body_Specular.uasset" 22
"../../../../../../Users/max.denne/Documents/Dennick/VR_Publikum/Content/Character/Male_2/Male_2_Hair_Diffuse.uasset" 23
"../../../../../../Users/max.denne/Documents/Dennick/VR_Publikum/Content/Character/Male_2/Male_2_Hair_Gloss.uasset" 24
"../../../../../../Users/max.denne/Documents/Dennick/VR_Publikum/Content/Character/Male_2/Male_2_Hair_Normal.uasset" 25
"../../../../../../Users/max.denne/Documents/Dennick/VR_Publikum/Content/Character/Male_2/Male_2_Hair_Opacity.uasset" 26
"../../../../../../Users/max.denne/Documents/Dennick/VR_Publikum/Content/Character/Male_2/Male_2_Hair_Specular.uasset" 27
"../../../../../../Users/max.denne/Documents/Dennick/VR_Publikum/Content/Geometry/Meshes/CubeMaterial.uasset" 28
"../../../../../../Users/max.denne/Documents/Dennick/VR_Publikum/Content/Geometry/Meshes/1M_Cube_Chamfer.uasset" 29
"../../../../../../Users/max.denne/Documents/Dennick/VR_Publikum/Content/Geometry/Meshes/TemplateFloor.uasset" 30
"../../../Engine/Content/Functions/Engine_MaterialFunctions02/Utility/BreakOutFloat2Components.uasset" 31
"../../../../../../Users/max.denne/Documents/Dennick/VR_Publikum/Content/Materials/M_BasicColor.uasset" 32
"../../../../../../Users/max.denne/Documents/Dennick/VR_Publikum/Content/Materials/M_Black.uasset" 33
"../../../../../../Users/max.denne/Documents/Dennick/VR_Publikum/Content/Materials/M_DarkGrey.uasset" 34
"../../../Engine/Content/Functions/Engine_MaterialFunctions01/Opacity/CameraDepthFade.uasset" 35
"../../../Engine/Content/EngineMaterials/T_Default_Material_Grid_M.uasset" 36
"../../../Engine/Content/EngineMaterials/T_Default_Material_Grid_N.uasset" 37
"../../../Engine/Content/EngineMaterials/WorldGridMaterial.uasset" 38
"../../../../../../Users/max.denne/Documents/Dennick/VR_Publikum/Content/Meshes/Door.uasset" 39
"../../../../../../Users/max.denne/Documents/Dennick/VR_Publikum/Content/Meshes/Sitzplatz.uasset" 40
"../../../../../../Users/max.denne/Documents/Dennick/VR_Publikum/Content/Materials/M_DarkBlue.uasset" 41
"../../../../../../Users/max.denne/Documents/Dennick/VR_Publikum/Content/Meshes/Tischbein.uasset" 42
"../../../../../../Users/max.denne/Documents/Dennick/VR_Publikum/Content/Meshes/Top.uasset" 43
"../../../Engine/Content/ArtTools/RenderToTexture/Meshes/S_1_Unit_Plane.uasset" 44
"../../../Engine/Content/EngineMaterials/DefaultMaterial.uasset" 45
"../../../Engine/Content/BasicShapes/Cone.uasset" 46
"../../../Engine/Content/BasicShapes/Cube.uasset" 47
"../../../Engine/Content/BasicShapes/Plane.uasset" 48
"../../../Engine/Content/EditorLandscapeResources/DataLayer.uasset" 49
"../../../Engine/Content/EditorMaterials/GizmoMaterial.uasset" 50
"../../../Engine/Content/EditorMaterials/MAT_Groups_Toggle.uasset" 51
"../../../Engine/Content/EditorMaterials/MAT_Groups_Visibility.uasset" 52
"../../../Engine/Content/EditorMaterials/PreviewShadowIndicator.uasset" 53
"../../../Engine/Content/EditorMaterials/PreviewShadowIndicatorMaterial.uasset" 54
"../../../Engine/Content/EditorMaterials/MatineeGroups/MAT_ColorTrack.uasset" 55
"../../../Engine/Content/EditorMaterials/MatineeGroups/MAT_Groups_Anim.uasset" 56
"../../../Engine/Content/EditorMaterials/MatineeGroups/MAT_Groups_AudioMaster.uasset" 57
"../../../Engine/Content/EditorMaterials/MatineeGroups/MAT_Groups_Director.uasset" 58
"../../../Engine/Content/EditorMaterials/MatineeGroups/MAT_Groups_Event.uasset" 59
"../../../Engine/Content/EditorMaterials/MatineeGroups/MAT_Groups_Fade.uasset" 60
"../../../Engine/Content/EditorMaterials/MatineeGroups/MAT_Groups_Float.uasset" 61
"../../../Engine/Content/EditorMaterials/MatineeGroups/MAT_Groups_Move.uasset" 62
"../../../Engine/Content/EditorMaterials/MatineeGroups/MAT_Groups_Slomo.uasset" 63
"../../../Engine/Content/EditorMaterials/MatineeGroups/MAT_Groups_Sound.uasset" 64
"../../../Engine/Content/EditorMaterials/MatineeGroups/MAT_Groups_Vector.uasset" 65
"../../../Engine/Content/EditorMaterials/ParticleSystems/PSysThumbnail_NoImage.uasset" 66
"../../../Engine/Content/EditorMaterials/ParticleSystems/PSysThumbnail_OOD.uasset" 67
"../../../Engine/Content/EditorMaterials/Camera/CineMat.uasset" 68
"../../../Engine/Content/EditorMaterials/Camera/MI_CineMat_Rig.uasset" 69
"../../../Engine/Content/EditorMeshes/Camera/SM_CraneRig_Arm.uasset" 70
"../../../Engine/Content/EditorMeshes/Camera/SM_CraneRig_Base.uasset" 71
"../../../Engine/Content/EditorMeshes/Camera/SM_CraneRig_Body.uasset" 72
"../../../Engine/Content/EditorMeshes/Camera/SM_CraneRig_Mount.uasset" 73
"../../../Engine/Content/EditorMeshes/Camera/SM_RailRig_Mount.uasset" 74
"../../../Engine/Content/EditorMeshes/Camera/SM_RailRig_Track.uasset" 75
"../../../Engine/Content/EditorResources/BSPVertex.uasset" 76
"../../../Engine/Content/EditorResources/EmptyActor.uasset" 77
"../../../Engine/Content/EditorResources/S_Actor.uasset" 78
"../../../Engine/Content/EditorResources/S_Trigger.uasset" 79
"../../../Engine/Content/EditorResources/LightIcons/S_LightError.uasset" 80
"../../../Engine/Content/EditorResources/SequenceRecorder/Countdown.uasset" 81
"../../../Engine/Content/EditorResources/SequenceRecorder/RecordingIndicator.uasset" 82
"../../../Engine/Content/EditorSounds/Notifications/CompileFailed.uasset" 83
"../../../Engine/Content/EditorSounds/Notifications/CompileFailed_Cue.uasset" 84
"../../../Engine/Content/EditorSounds/Notifications/CompileSuccess.uasset" 85
"../../../Engine/Content/EditorSounds/Notifications/CompileStart_Cue.uasset" 86
"../../../Engine/Content/EditorSounds/Notifications/CompileSuccess_Cue.uasset" 87
"../../../Engine/Content/EngineDamageTypes/DmgTypeBP_Environmental.uasset" 88
"../../../Engine/Content/EngineDebugMaterials/HeatmapGradient.uasset" 89
"../../../Engine/Content/EngineDebugMaterials/BoneWeightMaterial.uasset" 90
"../../../Engine/Content/EngineDebugMaterials/ClothMaterial.uasset" 91
"../../../Engine/Content/EngineDebugMaterials/ClothMaterial_WF.uasset" 92
"../../../Engine/Content/EngineDebugMaterials/DebugEditorMaterial.uasset" 93
"../../../Engine/Content/EngineDebugMaterials/DebugMeshMaterial.uasset" 94
"../../../Engine/Content/EngineDebugMaterials/GeomMaterial.uasset" 95
"../../../Engine/Content/EngineDebugMaterials/M_SimpleTranslucent.uasset" 96
"../../../Engine/Content/EngineFonts/Faces/RobotoBold.uasset" 97
"../../../Engine/Content/EngineFonts/Faces/RobotoBoldItalic.uasset" 98
"../../../Engine/Content/EngineFonts/Faces/RobotoItalic.uasset" 99
"../../../Engine/Content/EngineFonts/Faces/RobotoLight.uasset" 100
"../../../Engine/Content/EngineFonts/Faces/RobotoRegular.uasset" 101
"../../../Engine/Content/EngineFonts/Roboto.uasset" 102
"../../../Engine/Content/EngineFonts/Faces/RobotoTiny.uasset" 103
"../../../Engine/Content/EngineFonts/RobotoTiny.uasset" 104
"../../../Engine/Content/EngineMaterials/BaseFlattenDiffuseMap.uasset" 105
"../../../Engine/Content/EngineMaterials/BaseFlattenEmissiveMap.uasset" 106
"../../../Engine/Content/EngineMaterials/BaseFlattenGrayscaleMap.uasset" 107
"../../../Engine/Content/EngineMaterials/BaseFlattenNormalMap.uasset" 108
"../../../Engine/Content/EngineMaterials/BaseFlattenMaterial.uasset" 109
"../../../Engine/Content/EngineMaterials/DefaultBloomKernel.uasset" 110
"../../../Engine/Content/EngineMaterials/DefaultBokeh.uasset" 111
"../../../Engine/Content/EngineMaterials/DefaultDiffuse.uasset" 112
"../../../Engine/Content/EngineMaterials/DefaultDeferredDecalMaterial.uasset" 113
"../../../Engine/Content/EngineMaterials/DefaultLightFunctionMaterial.uasset" 114
"../../../Engine/Content/EngineMaterials/DefaultPhysicalMaterial.uasset" 115
"../../../Engine/Content/EngineMaterials/DefaultPostProcessMaterial.uasset" 116
"../../../Engine/Content/EngineFonts/RobotoDistanceField.uasset" 117
"../../../Engine/Content/EngineMaterials/DefaultTextMaterialOpaque.uasset" 118
"../../../Engine/Content/EngineMaterials/DefaultWhiteGrid.uasset" 119
"../../../Engine/Content/EngineMaterials/EditorBrushMaterial.uasset" 120
"../../../Engine/Content/EngineMaterials/MiniFont.uasset" 121
"../../../Engine/Content/EngineMaterials/InvalidLightmapSettings.uasset" 122
"../../../Engine/Content/EngineMaterials/M_InvalidLightmapSettings.uasset" 123
"../../../Engine/Content/Functions/Engine_MaterialFunctions02/WorldPositionOffset/CameraOffset.uasset" 124
"../../../Engine/Content/EngineMaterials/PhAT_JointLimitMaterial.uasset" 125
"../../../Engine/Content/EngineMaterials/PreintegratedSkinBRDF.uasset" 126
"../../../Engine/Content/EngineMaterials/RemoveSurfaceMaterial.uasset" 127
"../../../Engine/Content/EngineMaterials/WeightMapPlaceholderTexture.uasset" 128
"../../../Engine/Content/EngineResources/WhiteSquareTexture.uasset" 129
"../../../Engine/Content/EngineMaterials/Widget3DPassThrough.uasset" 130
"../../../Engine/Content/EngineMaterials/Widget3DPassThrough_Masked.uasset" 131
"../../../Engine/Content/EngineMaterials/Widget3DPassThrough_Opaque.uasset" 132
"../../../Engine/Content/EngineMaterials/Widget3DPassThrough_Masked_OneSided.uasset" 133
"../../../Engine/Content/EngineMaterials/Widget3DPassThrough_Opaque_OneSided.uasset" 134
"../../../Engine/Content/EngineMaterials/Widget3DPassThrough_Translucent.uasset" 135
"../../../Engine/Content/EngineMaterials/Widget3DPassThrough_Translucent_OneSided.uasset" 136
"../../../Engine/Content/EngineMeshes/Cylinder.uasset" 137
"../../../Engine/Content/EngineMeshes/Sphere.uasset" 138
"../../../Engine/Content/EngineResources/Black.uasset" 139
"../../../Engine/Content/EngineResources/DefaultTexture.uasset" 140
"../../../Engine/Content/EngineResources/DefaultTextureCube.uasset" 141
"../../../Engine/Content/EngineResources/DefaultVolumeTexture2D.uasset" 142
"../../../Engine/Content/EngineResources/DefaultVolumeTexture.uasset" 143
"../../../Engine/Content/EngineResources/GradientTexture0.uasset" 144
"../../../Engine/Content/EngineSounds/Master.uasset" 145
"../../../Engine/Content/Functions/Engine_MaterialFunctions01/Shading/ConvertFromDiffSpec.uasset" 146
"../../../Engine/Content/Functions/Engine_MaterialFunctions01/Shading/PowerToRoughness.uasset" 147
"../../../Engine/Content/Maps/Templates/Thumbnails/Default.uasset" 148
"../../../Engine/Content/Maps/Templates/Thumbnails/VR-Basic.uasset" 149
"../../../Engine/Content/MobileResources/T_MobileControls_texture.uasset" 150
"../../../Engine/Content/MobileResources/T_MobileMenu2.uasset" 151
"../../../Engine/Content/MobileResources/HUD/AnalogHat.uasset" 152
"../../../Engine/Content/MobileResources/HUD/VirtualJoystick_Background.uasset" 153
"../../../Engine/Content/MobileResources/HUD/VirtualJoystick_Thumb.uasset" 154
"../../../Engine/Content/MobileResources/HUD/DefaultVirtualJoysticks.uasset" 155
"../../../Engine/Content/MobileResources/HUD/LeftVirtualJoystickOnly.uasset" 156
"../../../Engine/Content/MobileResources/HUD/MobileHUDButton1_off.uasset" 157
"../../../Engine/Content/MobileResources/HUD/MobileHUDButton1_on.uasset" 158
"../../../Engine/Content/MobileResources/HUD/MobileHUDButton2_off.uasset" 159
"../../../Engine/Content/MobileResources/HUD/MobileHUDButton2_on.uasset" 160
"../../../Engine/Content/MobileResources/HUD/MobileHUDButton3.uasset" 161
"../../../Engine/Content/MobileResources/HUD/MobileHUDButtonFire.uasset" 162
"../../../Engine/Content/MobileResources/HUD/MobileHUDDirectionPad.uasset" 163
"../../../Engine/Content/MobileResources/HUD/MobileHUDDirectionPad2.uasset" 164
"../../../Engine/Content/MobileResources/HUD/MobileHUDDirectionPad3.uasset" 165
"../../../Engine/Content/MobileResources/HUD/MobileHUDDirectionStick.uasset" 166
"../../../Engine/Content/MobileResources/HUD/T_Castle_ThumbstickInner.uasset" 167
"../../../Engine/Content/MobileResources/HUD/T_Castle_ThumbstickOutter.uasset" 168
"../../../Engine/Content/Tutorial/ContentIntroCurve.uasset" 169
"../../../Engine/Content/Tutorial/Basics/TutorialAssets/icon_tab_Levels_40x.uasset" 170
"../../../Engine/Content/Tutorial/BlueprintTutorials/TutorialAssets/Blueprint_64x.uasset" 171
"../../../Engine/Content/Tutorial/Foliage/TutorialAssets/Foliage.uasset" 172
"../../../Engine/Content/Tutorial/SubEditors/TutorialAssets/T_SmokeSubUV_8X8.uasset" 173
"../../../Engine/Content/Tutorial/SubEditors/TutorialAssets/T_soft_smoke.uasset" 174
"../../../Engine/Content/Tutorial/SubEditors/TutorialAssets/M_smoke_subUV_blackbody.uasset" 175
"../../../Engine/Content/Tutorial/SubEditors/TutorialAssets/TutorialParticleSystem.uasset" 176
"../../../Engine/Content/VREditor/LaserPointer/VR_LaserPower_01.uasset" 177
"../../../Engine/Content/VREditor/TransformGizmo/TransformGizmoMaterial.uasset" 178
"../../../Engine/Content/VREditor/TransformGizmo/TranslucentTransformGizmoMaterial.uasset" 179
"../../../Engine/Content/VREditor/TransformGizmo/BoundingBoxCorner.uasset" 180
"../../../Engine/Content/VREditor/TransformGizmo/BoundingBoxEdge.uasset" 181
"../../../Engine/Content/VREditor/TransformGizmo/PlaneTranslationHandle.uasset" 182
"../../../Engine/Content/VREditor/TransformGizmo/Main.uasset" 183
"../../../Engine/Content/VREditor/TransformGizmo/Xray.uasset" 184
"../../../Engine/Content/VREditor/TransformGizmo/SM_Sequencer_Key.uasset" 185
"../../../Engine/Content/VREditor/TransformGizmo/SM_Sequencer_Node.uasset" 186
"../../Plugins/2D/Paper2D/Content/PlaceholderTextures/DummySpriteTexture.uasset" 187
"../../Plugins/2D/Paper2D/Content/DummySprite.uasset" 188
"../../Plugins/2D/Paper2D/Content/DefaultPaperTerrainMaterial.uasset" 189
"../../Plugins/2D/Paper2D/Content/DefaultSpriteMaterial.uasset" 190
"../../Plugins/2D/Paper2D/Content/MaskedUnlitSpriteMaterial.uasset" 191
"../../Plugins/2D/Paper2D/Content/OpaqueUnlitSpriteMaterial.uasset" 192
"../../Plugins/Runtime/Oculus/OculusVR/Content/Materials/PokeAHoleMaterial.uasset" 193
"../../Plugins/Runtime/Oculus/OculusVR/Content/Textures/GearVRController_AO.uasset" 194
"../../Plugins/Runtime/Oculus/OculusVR/Content/Textures/GearVRController_Color.uasset" 195
"../../Plugins/Runtime/Oculus/OculusVR/Content/Textures/GearVRController_Normal.uasset" 196
"../../Plugins/Runtime/Oculus/OculusVR/Content/Materials/GearVRControllerMaterial.uasset" 197
"../../Plugins/Runtime/Oculus/OculusVR/Content/Meshes/GearVrController.uasset" 198
"../../Plugins/Runtime/Oculus/OculusVR/Content/Textures/touchController_albedo.uasset" 199
"../../Plugins/Runtime/Oculus/OculusVR/Content/Textures/touchController_controlmap.uasset" 200
"../../Plugins/Runtime/Oculus/OculusVR/Content/Materials/touchController_mat.uasset" 201
"../../Plugins/Runtime/Oculus/OculusVR/Content/Meshes/LeftTouchController.uasset" 202
"../../Plugins/Runtime/Oculus/OculusVR/Content/Meshes/RiftHMD.uasset" 203
"../../Plugins/Runtime/Oculus/OculusVR/Content/Meshes/RightTouchController.uasset" 204
"../../../../../../Users/max.denne/Documents/Dennick/VR_Publikum/Content/Materials/M_DarkRed.uasset" 205
"../../../../../../Users/max.denne/Documents/Dennick/VR_Publikum/Content/Meshes/Door_2.uasset" 206
"../../../../../../Users/max.denne/Documents/Dennick/VR_Publikum/Content/Blueprints/BP_Door.uasset" 207
"../../../Engine/Content/EditorBlueprintResources/StandardMacros.uasset" 208
"../../../../../../Users/max.denne/Documents/Dennick/VR_Publikum/Content/Materials/M_Brown.uasset" 209
"../../../../../../Users/max.denne/Documents/Dennick/VR_Publikum/Content/Meshes/Seat_02.uasset" 210
"../../../../../../Users/max.denne/Documents/Dennick/VR_Publikum/Content/Meshes/Tisch.uasset" 211
"../../../../../../Users/max.denne/Documents/Dennick/VR_Publikum/Content/Blueprints/BP_Seat.uasset" 212
"../../../../../../Users/max.denne/Documents/Dennick/VR_Publikum/Content/Blueprints/BP_SeatRow.uasset" 213
"../../../../../../Users/max.denne/Documents/Dennick/VR_Publikum/Content/Blueprints/BP_SeatRows.uasset" 214
"../../../../../../Users/max.denne/Documents/Dennick/VR_Publikum/Content/Character/Female_1/Female_1_Skeleton.uasset" 215
"../../../../../../Users/max.denne/Documents/Dennick/VR_Publikum/Content/Animations/Female/Idle.uasset" 216
"../../../../../../Users/max.denne/Documents/Dennick/VR_Publikum/Content/Animations/Female/Sitting_Idle.uasset" 217
"../../../../../../Users/max.denne/Documents/Dennick/VR_Publikum/Content/Animations/Female/Walking.uasset" 218
"../../../../../../Users/max.denne/Documents/Dennick/VR_Publikum/Content/Blueprints/Audience/E_CurrentActions.uasset" 219
"../../../../../../Users/max.denne/Documents/Dennick/VR_Publikum/Content/Animations/Female/AnimBP_Female.uasset" 220
"../../../../../../Users/max.denne/Documents/Dennick/VR_Publikum/Content/Character/Male_1/Male_1_Skeleton.uasset" 221
"../../../../../../Users/max.denne/Documents/Dennick/VR_Publikum/Content/Animations/Male/Idle.uasset" 222
"../../../../../../Users/max.denne/Documents/Dennick/VR_Publikum/Content/Animations/Male/Sitting.uasset" 223
"../../../../../../Users/max.denne/Documents/Dennick/VR_Publikum/Content/Animations/Male/Walking.uasset" 224
"../../../../../../Users/max.denne/Documents/Dennick/VR_Publikum/Content/Animations/Male/AnimBP_Male.uasset" 225
"../../../../../../Users/max.denne/Documents/Dennick/VR_Publikum/Content/Blueprints/Audience/AppearanceGeneration/S_MaterialModifier.uasset" 226
"../../../../../../Users/max.denne/Documents/Dennick/VR_Publikum/Content/Blueprints/Audience/AppearanceGeneration/S_MaterialSwitch.uasset" 227
"../../../../../../Users/max.denne/Documents/Dennick/VR_Publikum/Content/Blueprints/Audience/AppearanceGeneration/S_AppearanceInfo.uasset" 228
"../../../../../../Users/max.denne/Documents/Dennick/VR_Publikum/Content/Blueprints/Audience/Face/S_FacialAnimation.uasset" 229
"../../../../../../Users/max.denne/Documents/Dennick/VR_Publikum/Content/Blueprints/Audience/Face/S_FacialAnimations.uasset" 230
"../../../../../../Users/max.denne/Documents/Dennick/VR_Publikum/Content/Character/Male_1/Male_1_Top_Diffuse.uasset" 231
"../../../../../../Users/max.denne/Documents/Dennick/VR_Publikum/Content/Character/Male_1/Male_1_Top_Gloss.uasset" 232
"../../../../../../Users/max.denne/Documents/Dennick/VR_Publikum/Content/Character/Male_1/Male_1_Top_Normal.uasset" 233
"../../../../../../Users/max.denne/Documents/Dennick/VR_Publikum/Content/Character/Male_1/Male_1_Top_Opacity.uasset" 234
"../../../../../../Users/max.denne/Documents/Dennick/VR_Publikum/Content/Character/Male_1/Male_1_Top_Specular.uasset" 235
"../../../../../../Users/max.denne/Documents/Dennick/VR_Publikum/Content/Character/Male_1/Topmat.uasset" 236
"../../../../../../Users/max.denne/Documents/Dennick/VR_Publikum/Content/Character/Male_1/Male_1_Top_Diffuse2.uasset" 237
"../../../../../../Users/max.denne/Documents/Dennick/VR_Publikum/Content/Character/Male_1/Topmat2.uasset" 238
"../../../../../../Users/max.denne/Documents/Dennick/VR_Publikum/Content/Character/Female_2/Female_2_Body_Diffuse.uasset" 239
"../../../../../../Users/max.denne/Documents/Dennick/VR_Publikum/Content/Character/Female_2/Female_2_Body_Gloss.uasset" 240
"../../../../../../Users/max.denne/Documents/Dennick/VR_Publikum/Content/Character/Female_2/Female_2_Body_Normal.uasset" 241
"../../../../../../Users/max.denne/Documents/Dennick/VR_Publikum/Content/Character/Female_2/Female_2_Body_Opacity.uasset" 242
"../../../../../../Users/max.denne/Documents/Dennick/VR_Publikum/Content/Character/Female_2/Female_2_Body_Specular.uasset" 243
"../../../../../../Users/max.denne/Documents/Dennick/VR_Publikum/Content/Character/Female_1/Bodymat.uasset" 244
"../../../../../../Users/max.denne/Documents/Dennick/VR_Publikum/Content/Character/Female_1/Female_1_Bottom_Diffuse.uasset" 245
"../../../../../../Users/max.denne/Documents/Dennick/VR_Publikum/Content/Character/Female_1/Female_1_Bottom_Gloss.uasset" 246
"../../../../../../Users/max.denne/Documents/Dennick/VR_Publikum/Content/Character/Female_1/Female_1_Bottom_Normal.uasset" 247
"../../../../../../Users/max.denne/Documents/Dennick/VR_Publikum/Content/Character/Female_1/Female_1_Bottom_Opacity.uasset" 248
"../../../../../../Users/max.denne/Documents/Dennick/VR_Publikum/Content/Character/Female_1/Female_1_Bottom_Specular.uasset" 249
"../../../../../../Users/max.denne/Documents/Dennick/VR_Publikum/Content/Character/Female_1/Bottommat.uasset" 250
"../../../../../../Users/max.denne/Documents/Dennick/VR_Publikum/Content/Character/Female_1/Female_1_Hair_Diffuse.uasset" 251
"../../../../../../Users/max.denne/Documents/Dennick/VR_Publikum/Content/Character/Female_1/Female_1_Hair_Gloss.uasset" 252
"../../../../../../Users/max.denne/Documents/Dennick/VR_Publikum/Content/Character/Female_1/Female_1_Hair_Normal.uasset" 253
"../../../../../../Users/max.denne/Documents/Dennick/VR_Publikum/Content/Character/Female_1/Female_1_Hair_Opacity.uasset" 254
"../../../../../../Users/max.denne/Documents/Dennick/VR_Publikum/Content/Character/Female_1/Female_1_Hair_Specular.uasset" 255
"../../../../../../Users/max.denne/Documents/Dennick/VR_Publikum/Content/Character/Female_1/Hairmat.uasset" 256
"../../../../../../Users/max.denne/Documents/Dennick/VR_Publikum/Content/Character/Female_1/Female_1_Shoes_Diffuse.uasset" 257
"../../../../../../Users/max.denne/Documents/Dennick/VR_Publikum/Content/Character/Female_1/Female_1_Shoes_Gloss.uasset" 258
"../../../../../../Users/max.denne/Documents/Dennick/VR_Publikum/Content/Character/Female_1/Female_1_Shoes_Normal.uasset" 259
"../../../../../../Users/max.denne/Documents/Dennick/VR_Publikum/Content/Character/Female_1/Female_1_Shoes_Opacity.uasset" 260
"../../../../../../Users/max.denne/Documents/Dennick/VR_Publikum/Content/Character/Female_1/Female_1_Shoes_Specular.uasset" 261
"../../../../../../Users/max.denne/Documents/Dennick/VR_Publikum/Content/Character/Female_1/Shoesmat.uasset" 262
"../../../../../../Users/max.denne/Documents/Dennick/VR_Publikum/Content/Character/Female_1/Female_1_Top_Diffuse.uasset" 263
"../../../../../../Users/max.denne/Documents/Dennick/VR_Publikum/Content/Character/Female_1/Female_1_Top_Gloss.uasset" 264
"../../../../../../Users/max.denne/Documents/Dennick/VR_Publikum/Content/Character/Female_1/Female_1_Top_Normal.uasset" 265
"../../../../../../Users/max.denne/Documents/Dennick/VR_Publikum/Content/Character/Female_1/Female_1_Top_Opacity.uasset" 266
"../../../../../../Users/max.denne/Documents/Dennick/VR_Publikum/Content/Character/Female_1/Female_1_Top_Specular.uasset" 267
"../../../../../../Users/max.denne/Documents/Dennick/VR_Publikum/Content/Character/Female_1/Topmat.uasset" 268
"../../../../../../Users/max.denne/Documents/Dennick/VR_Publikum/Content/Character/Female_1/Female_1_PhysicsAsset.uasset" 269
"../../../../../../Users/max.denne/Documents/Dennick/VR_Publikum/Content/Character/Female_1/Female_1.uasset" 270
"../../../../../../Users/max.denne/Documents/Dennick/VR_Publikum/Content/Character/Female_2/Female_2_Bottom_Diffuse.uasset" 271
"../../../../../../Users/max.denne/Documents/Dennick/VR_Publikum/Content/Character/Female_2/Female_2_Bottom_Gloss.uasset" 272
"../../../../../../Users/max.denne/Documents/Dennick/VR_Publikum/Content/Character/Female_2/Female_2_Bottom_Normal.uasset" 273
"../../../../../../Users/max.denne/Documents/Dennick/VR_Publikum/Content/Character/Female_2/Female_2_Bottom_Opacity.uasset" 274
"../../../../../../Users/max.denne/Documents/Dennick/VR_Publikum/Content/Character/Female_2/Female_2_Bottom_Specular.uasset" 275
"../../../../../../Users/max.denne/Documents/Dennick/VR_Publikum/Content/Character/Female_2/Bottommat.uasset" 276
"../../../../../../Users/max.denne/Documents/Dennick/VR_Publikum/Content/Character/Female_2/Female_2_Shoes_Diffuse.uasset" 277
"../../../../../../Users/max.denne/Documents/Dennick/VR_Publikum/Content/Character/Female_2/Female_2_Shoes_Gloss.uasset" 278
"../../../../../../Users/max.denne/Documents/Dennick/VR_Publikum/Content/Character/Female_2/Female_2_Shoes_Normal.uasset" 279
"../../../../../../Users/max.denne/Documents/Dennick/VR_Publikum/Content/Character/Female_2/Female_2_Shoes_Opacity.uasset" 280
"../../../../../../Users/max.denne/Documents/Dennick/VR_Publikum/Content/Character/Female_2/Female_2_Shoes_Specular.uasset" 281
"../../../../../../Users/max.denne/Documents/Dennick/VR_Publikum/Content/Character/Female_2/Shoesmat.uasset" 282
"../../../../../../Users/max.denne/Documents/Dennick/VR_Publikum/Content/Character/Female_2/Female_2_Top_Diffuse.uasset" 283
"../../../../../../Users/max.denne/Documents/Dennick/VR_Publikum/Content/Character/Female_2/Female_2_Top_Gloss.uasset" 284
"../../../../../../Users/max.denne/Documents/Dennick/VR_Publikum/Content/Character/Female_2/Female_2_Top_Normal.uasset" 285
"../../../../../../Users/max.denne/Documents/Dennick/VR_Publikum/Content/Character/Female_2/Female_2_Top_Opacity.uasset" 286
"../../../../../../Users/max.denne/Documents/Dennick/VR_Publikum/Content/Character/Female_2/Female_2_Top_Specular.uasset" 287
"../../../../../../Users/max.denne/Documents/Dennick/VR_Publikum/Content/Character/Female_2/Topmat.uasset" 288
"../../../../../../Users/max.denne/Documents/Dennick/VR_Publikum/Content/Character/Female_2/Female_2_PhysicsAsset.uasset" 289
"../../../../../../Users/max.denne/Documents/Dennick/VR_Publikum/Content/Character/Female_2/Female_2.uasset" 290
"../../../../../../Users/max.denne/Documents/Dennick/VR_Publikum/Content/Character/Male_1/Male_1_Beard_Diffuse.uasset" 291
"../../../../../../Users/max.denne/Documents/Dennick/VR_Publikum/Content/Character/Male_1/Male_1_Beard_Gloss.uasset" 292
"../../../../../../Users/max.denne/Documents/Dennick/VR_Publikum/Content/Character/Male_1/Male_1_Beard_Normal.uasset" 293
"../../../../../../Users/max.denne/Documents/Dennick/VR_Publikum/Content/Character/Male_1/Male_1_Beard_Opacity.uasset" 294
"../../../../../../Users/max.denne/Documents/Dennick/VR_Publikum/Content/Character/Male_1/Male_1_Beard_Specular.uasset" 295
"../../../../../../Users/max.denne/Documents/Dennick/VR_Publikum/Content/Character/Male_1/Beardmat.uasset" 296
"../../../../../../Users/max.denne/Documents/Dennick/VR_Publikum/Content/Character/Male_1/Male_1_Body_Diffuse.uasset" 297
"../../../../../../Users/max.denne/Documents/Dennick/VR_Publikum/Content/Character/Male_1/Male_1_Body_Gloss.uasset" 298
"../../../../../../Users/max.denne/Documents/Dennick/VR_Publikum/Content/Character/Male_1/Male_1_Body_Normal.uasset" 299
"../../../../../../Users/max.denne/Documents/Dennick/VR_Publikum/Content/Character/Male_1/Male_1_Body_Opacity.uasset" 300
"../../../../../../Users/max.denne/Documents/Dennick/VR_Publikum/Content/Character/Male_1/Male_1_Body_Specular.uasset" 301
"../../../../../../Users/max.denne/Documents/Dennick/VR_Publikum/Content/Character/Male_1/Bodymat.uasset" 302
"../../../../../../Users/max.denne/Documents/Dennick/VR_Publikum/Content/Character/Male_1/Male_1_Bottom_Diffuse.uasset" 303
"../../../../../../Users/max.denne/Documents/Dennick/VR_Publikum/Content/Character/Male_1/Male_1_Bottom_Gloss.uasset" 304
"../../../../../../Users/max.denne/Documents/Dennick/VR_Publikum/Content/Character/Male_1/Male_1_Bottom_Normal.uasset" 305
"../../../../../../Users/max.denne/Documents/Dennick/VR_Publikum/Content/Character/Male_1/Male_1_Bottom_Opacity.uasset" 306
"../../../../../../Users/max.denne/Documents/Dennick/VR_Publikum/Content/Character/Male_1/Male_1_Bottom_Specular.uasset" 307
"../../../../../../Users/max.denne/Documents/Dennick/VR_Publikum/Content/Character/Male_1/Bottommat.uasset" 308
"../../../../../../Users/max.denne/Documents/Dennick/VR_Publikum/Content/Character/Male_1/Male_1_Shoes_Diffuse.uasset" 309
"../../../../../../Users/max.denne/Documents/Dennick/VR_Publikum/Content/Character/Male_1/Male_1_Shoes_Gloss.uasset" 310
"../../../../../../Users/max.denne/Documents/Dennick/VR_Publikum/Content/Character/Male_1/Male_1_Shoes_Normal.uasset" 311
"../../../../../../Users/max.denne/Documents/Dennick/VR_Publikum/Content/Character/Male_1/Male_1_Shoes_Opacity.uasset" 312
"../../../../../../Users/max.denne/Documents/Dennick/VR_Publikum/Content/Character/Male_1/Male_1_Shoes_Specular.uasset" 313
"../../../../../../Users/max.denne/Documents/Dennick/VR_Publikum/Content/Character/Male_1/Shoesmat.uasset" 314
"../../../../../../Users/max.denne/Documents/Dennick/VR_Publikum/Content/Character/Male_1/Male_1_Hair_Diffuse2.uasset" 315
"../../../../../../Users/max.denne/Documents/Dennick/VR_Publikum/Content/Character/Male_1/Male_1_Hair_Gloss.uasset" 316
"../../../../../../Users/max.denne/Documents/Dennick/VR_Publikum/Content/Character/Male_1/Male_1_Hair_Normal.uasset" 317
"../../../../../../Users/max.denne/Documents/Dennick/VR_Publikum/Content/Character/Male_1/Male_1_Hair_Opacity.uasset" 318
"../../../../../../Users/max.denne/Documents/Dennick/VR_Publikum/Content/Character/Male_1/Male_1_Hair_Specular.uasset" 319
"../../../../../../Users/max.denne/Documents/Dennick/VR_Publikum/Content/Character/Male_1/Hairmat.uasset" 320
"../../../../../../Users/max.denne/Documents/Dennick/VR_Publikum/Content/Character/Male_1/Hairmat_Inst.uasset" 321
"../../../../../../Users/max.denne/Documents/Dennick/VR_Publikum/Content/Character/Male_1/Male_1_LODSettings.uasset" 322
"../../../../../../Users/max.denne/Documents/Dennick/VR_Publikum/Content/Character/Male_1/Male_1_PhysicsAsset.uasset" 323
"../../../../../../Users/max.denne/Documents/Dennick/VR_Publikum/Content/Character/Male_1/Male_1.uasset" 324
"../../../../../../Users/max.denne/Documents/Dennick/VR_Publikum/Content/Character/Male_2/Male_2_Bottom_Diffuse.uasset" 325
"../../../../../../Users/max.denne/Documents/Dennick/VR_Publikum/Content/Character/Male_2/Male_2_Bottom_Gloss.uasset" 326
"../../../../../../Users/max.denne/Documents/Dennick/VR_Publikum/Content/Character/Male_2/Male_2_Bottom_Normal.uasset" 327
"../../../../../../Users/max.denne/Documents/Dennick/VR_Publikum/Content/Character/Male_2/Male_2_Bottom_Opacity.uasset" 328
"../../../../../../Users/max.denne/Documents/Dennick/VR_Publikum/Content/Character/Male_2/Male_2_Bottom_Specular.uasset" 329
"../../../../../../Users/max.denne/Documents/Dennick/VR_Publikum/Content/Character/Male_2/Bottommat.uasset" 330
"../../../../../../Users/max.denne/Documents/Dennick/VR_Publikum/Content/Character/Male_2/Male_2_Shoes_Diffuse.uasset" 331
"../../../../../../Users/max.denne/Documents/Dennick/VR_Publikum/Content/Character/Male_2/Male_2_Shoes_Gloss.uasset" 332
"../../../../../../Users/max.denne/Documents/Dennick/VR_Publikum/Content/Character/Male_2/Male_2_Shoes_Normal.uasset" 333
"../../../../../../Users/max.denne/Documents/Dennick/VR_Publikum/Content/Character/Male_2/Male_2_Shoes_Opacity.uasset" 334
"../../../../../../Users/max.denne/Documents/Dennick/VR_Publikum/Content/Character/Male_2/Male_2_Shoes_Specular.uasset" 335
"../../../../../../Users/max.denne/Documents/Dennick/VR_Publikum/Content/Character/Male_2/Shoesmat.uasset" 336
"../../../../../../Users/max.denne/Documents/Dennick/VR_Publikum/Content/Character/Male_2/Male_2_Top_Diffuse.uasset" 337
"../../../../../../Users/max.denne/Documents/Dennick/VR_Publikum/Content/Character/Male_2/Male_2_Top_Gloss.uasset" 338
"../../../../../../Users/max.denne/Documents/Dennick/VR_Publikum/Content/Character/Male_2/Male_2_Top_Normal.uasset" 339
"../../../../../../Users/max.denne/Documents/Dennick/VR_Publikum/Content/Character/Male_2/Male_2_Top_Opacity.uasset" 340
"../../../../../../Users/max.denne/Documents/Dennick/VR_Publikum/Content/Character/Male_2/Male_2_Top_Specular.uasset" 341
"../../../../../../Users/max.denne/Documents/Dennick/VR_Publikum/Content/Character/Male_2/Topmat.uasset" 342
"../../../../../../Users/max.denne/Documents/Dennick/VR_Publikum/Content/Character/Male_2/Male_2_PhysicsAsset.uasset" 343
"../../../../../../Users/max.denne/Documents/Dennick/VR_Publikum/Content/Character/Male_2/Male_2.uasset" 344
"../../../../../../Users/max.denne/Documents/Dennick/VR_Publikum/Content/Blueprints/Audience/AppearanceGeneration/DT_Appearance.uasset" 345
"../../../../../../Users/max.denne/Documents/Dennick/VR_Publikum/Content/Blueprints/Audience/Face/C_FA_Zero0_1Zero.uasset" 346
"../../../../../../Users/max.denne/Documents/Dennick/VR_Publikum/Content/Blueprints/Audience/Face/C_FA_Zero0_5Zero.uasset" 347
"../../../../../../Users/max.denne/Documents/Dennick/VR_Publikum/Content/Blueprints/Audience/Face/DT_FacialAnimations.uasset" 348
"../../../../../../Users/max.denne/Documents/Dennick/VR_Publikum/Content/Blueprints/Audience/Face/E_FacialAnimations.uasset" 349
"../../../../../../Users/max.denne/Documents/Dennick/VR_Publikum/Content/Blueprints/Audience/BP_AudienceHuman.uasset" 350
"../../../../../../Users/max.denne/Documents/Dennick/VR_Publikum/Content/Blueprints/E_PresentationState.uasset" 351
"../../../../../../Users/max.denne/Documents/Dennick/VR_Publikum/Content/Widgets/W_Ingame.uasset" 352
"../../../../../../Users/max.denne/Documents/Dennick/VR_Publikum/Content/Blueprints/BP_PlayerController.uasset" 353
"../../../../../../Users/max.denne/Documents/Dennick/VR_Publikum/Content/Blueprints/BP_Gamemode.uasset" 354
"../../../../../../Users/max.denne/Documents/Dennick/VR_Publikum/Content/Maps/Map_M2_BuiltData.uasset" 355
"../../../../../../Users/max.denne/Documents/Dennick/VR_Publikum/Content/Materials/M_DarkBrown.uasset" 356
"../../../../../../Users/max.denne/Documents/Dennick/VR_Publikum/Content/Materials/M_Grey.uasset" 357
"../../../../../../Users/max.denne/Documents/Dennick/VR_Publikum/Content/Meshes/Floor_Entrance.uasset" 358
"../../../../../../Users/max.denne/Documents/Dennick/VR_Publikum/Content/Meshes/Floor_Outside.uasset" 359
"../../../../../../Users/max.denne/Documents/Dennick/VR_Publikum/Content/Meshes/Floor_Redner.uasset" 360
"../../../../../../Users/max.denne/Documents/Dennick/VR_Publikum/Content/Meshes/SeatPodest.uasset" 361
"../../../../../../Users/max.denne/Documents/Dennick/VR_Publikum/Content/Meshes/Stairs.uasset" 362
"../../../../../../Users/max.denne/Documents/Dennick/VR_Publikum/Content/Meshes/Wall.uasset" 363
"../../../../../../Users/max.denne/Documents/Dennick/VR_Publikum/Content/Maps/Map_M2.umap" 364
"../../../Engine/Content/Functions/Engine_MaterialFunctions01/Texturing/ScaleUVsByCenter.uasset" 365
"../../../Engine/Content/Functions/Engine_MaterialFunctions02/ScreenResolution.uasset" 366
"../../../Engine/Content/Functions/Engine_MaterialFunctions02/Texturing/ScreenAlignedUVs.uasset" 367
"../../../Engine/Content/Functions/Engine_MaterialFunctions02/Utility/CameraDirectionVector.uasset" 368
"../../../Engine/Content/Functions/Engine_MaterialFunctions02/Utility/DepthFromWorldPosition.uasset" 369
"../../../../../../Users/max.denne/Documents/Dennick/VR_Publikum/Content/VirtualReality/Materials/MF_OccludedPixels.uasset" 370
"../../../../../../Users/max.denne/Documents/Dennick/VR_Publikum/Content/VirtualReality/Materials/TeleportMCP.uasset" 371
"../../../Engine/Content/EngineMaterials/Good64x64TilingNoiseHighFreq.uasset" 372
"../../../../../../Users/max.denne/Documents/Dennick/VR_Publikum/Content/VirtualReality/Materials/M_ArcEndpoint.uasset" 373
"../../../../../../Users/max.denne/Documents/Dennick/VR_Publikum/Content/VirtualReality/Materials/M_TeleportPreviews.uasset" 374
"../../../../../../Users/max.denne/Documents/Dennick/VR_Publikum/Content/VirtualReality/Materials/MI_TeleportCylinderPreview.uasset" 375
"../../../Engine/Content/BasicShapes/Cylinder.uasset" 376
"../../../../../../Users/max.denne/Documents/Dennick/VR_Publikum/Content/VirtualReality/Meshes/BeaconDirection.uasset" 377
"../../../../../../Users/max.denne/Documents/Dennick/VR_Publikum/Content/VirtualReality/Meshes/SM_FatCylinder.uasset" 378
"../../../../../../Users/max.denne/Documents/Dennick/VR_Publikum/Content/VirtualRealityBP/Blueprints/HMDLocomotionPawn.uasset" 379
"../../../Engine/Content/EngineSky/C_Sky_Cloud_Color.uasset" 380
"../../../Engine/Content/EngineSky/C_Sky_Horizon_Color.uasset" 381
"../../../Engine/Content/EngineSky/C_Sky_Zenith_Color.uasset" 382
"../../../Engine/Content/EngineSky/T_Sky_Blue.uasset" 383
"../../../Engine/Content/EngineSky/T_Sky_Clouds_M.uasset" 384
"../../../Engine/Content/EngineSky/T_Sky_Stars.uasset" 385
"../../../Engine/Content/EngineSky/M_Sky_Panning_Clouds2.uasset" 386
"../../../Engine/Content/EngineSky/SM_SkySphere.uasset" 387
"../../../Engine/Content/EngineSky/BP_Sky_Sphere.uasset" 388
"../../../../../../Users/max.denne/Documents/Dennick/VR_Publikum/Content/VirtualRealityBP/Maps/HMDLocomotionMap_BuiltData.uasset" 389
"../../../../../../Users/max.denne/Documents/Dennick/VR_Publikum/Content/VirtualReality/Materials/M_BaseMaterial.uasset" 390
"../../../../../../Users/max.denne/Documents/Dennick/VR_Publikum/Content/VirtualReality/Materials/MI_BaseMaterial2.uasset" 391
"../../../../../../Users/max.denne/Documents/Dennick/VR_Publikum/Content/VirtualReality/Materials/MI_BaseMaterial3.uasset" 392
"../../../../../../Users/max.denne/Documents/Dennick/VR_Publikum/Content/Geometry/Meshes/1M_Cube.uasset" 393
"../../../../../../Users/max.denne/Documents/Dennick/VR_Publikum/Content/VirtualRealityBP/Maps/HMDLocomotionMap.umap" 394
"../../../../../../Users/max.denne/Documents/Dennick/VR_Publikum/Content/VirtualRealityBP/Blueprints/PickupActorInterface.uasset" 395
"../../../../../../Users/max.denne/Documents/Dennick/VR_Publikum/Content/VirtualReality/Materials/MI_SmallCubes.uasset" 396
"../../../../../../Users/max.denne/Documents/Dennick/VR_Publikum/Content/VirtualRealityBP/Blueprints/BP_PickupCube.uasset" 397
"../../../../../../Users/max.denne/Documents/Dennick/VR_Publikum/Content/VirtualReality/Mannequin/Character/Mesh/MannequinHand_Right_Skeleton.uasset" 398
"../../../../../../Users/max.denne/Documents/Dennick/VR_Publikum/Content/VirtualReality/Mannequin/Animations/MannequinHand_Right_CanGrab.uasset" 399
"../../../../../../Users/max.denne/Documents/Dennick/VR_Publikum/Content/VirtualReality/Mannequin/Animations/MannequinHand_Right_Grab.uasset" 400
"../../../../../../Users/max.denne/Documents/Dennick/VR_Publikum/Content/VirtualReality/Mannequin/Animations/MannequinHand_Right_Open.uasset" 401
"../../../../../../Users/max.denne/Documents/Dennick/VR_Publikum/Content/VirtualReality/Mannequin/Animations/RightGrip_BS.uasset" 402
"../../../../../../Users/max.denne/Documents/Dennick/VR_Publikum/Content/VirtualRealityBP/Blueprints/GripEnum.uasset" 403
"../../../../../../Users/max.denne/Documents/Dennick/VR_Publikum/Content/VirtualReality/Mannequin/Animations/RightHand_AnimBP.uasset" 404
"../../../../../../Users/max.denne/Documents/Dennick/VR_Publikum/Content/VirtualRealityBP/Blueprints/MotionControllerHaptics.uasset" 405
"../../../../../../Users/max.denne/Documents/Dennick/VR_Publikum/Content/VirtualReality/Materials/M_SplineArcMat.uasset" 406
"../../../../../../Users/max.denne/Documents/Dennick/VR_Publikum/Content/VirtualReality/Materials/MI_ChaperoneOutline.uasset" 407
"../../../Engine/Content/BasicShapes/Sphere.uasset" 408
"../../../../../../Users/max.denne/Documents/Dennick/VR_Publikum/Content/VirtualReality/Mannequin/Character/Textures/UE4_Mannequin__normals.uasset" 409
"../../../../../../Users/max.denne/Documents/Dennick/VR_Publikum/Content/VirtualReality/Mannequin/Character/Textures/UE4_Mannequin_MAT_MASKA.uasset" 410
"../../../../../../Users/max.denne/Documents/Dennick/VR_Publikum/Content/VirtualReality/Mannequin/Character/Materials/M_HandMat.uasset" 411
"../../../../../../Users/max.denne/Documents/Dennick/VR_Publikum/Content/VirtualReality/Mannequin/Character/Mesh/MannequinHand_Right_PhysicsAsset.uasset" 412
"../../../../../../Users/max.denne/Documents/Dennick/VR_Publikum/Content/VirtualReality/Mannequin/Character/Mesh/MannequinHand_Right.uasset" 413
"../../../../../../Users/max.denne/Documents/Dennick/VR_Publikum/Content/VirtualReality/Meshes/1x1_cube.uasset" 414
"../../../../../../Users/max.denne/Documents/Dennick/VR_Publikum/Content/VirtualReality/Meshes/BeamMesh.uasset" 415
"../../../../../../Users/max.denne/Documents/Dennick/VR_Publikum/Content/VirtualRealityBP/Blueprints/BP_MotionController.uasset" 416
"../../../../../../Users/max.denne/Documents/Dennick/VR_Publikum/Content/VirtualRealityBP/Blueprints/MotionControllerPawn.uasset" 417
"../../../../../../Users/max.denne/Documents/Dennick/VR_Publikum/Content/VirtualRealityBP/Maps/MotionControllerMap_BuiltData.uasset" 418
"../../../../../../Users/max.denne/Documents/Dennick/VR_Publikum/Content/VirtualRealityBP/Maps/MotionControllerMap.umap" 419
"../../../../../../Users/max.denne/Documents/Dennick/VR_Publikum/Content/VirtualRealityBP/Maps/StartupMap_BuiltData.uasset" 420
"../../../../../../Users/max.denne/Documents/Dennick/VR_Publikum/Content/VirtualReality/Materials/GenericHMDMaterial.uasset" 421
"../../../Engine/Content/MapTemplates/Sky/DaylightAmbientCubemap.uasset" 422
"../../../../../../Users/max.denne/Documents/Dennick/VR_Publikum/Content/VirtualReality/Meshes/GenericHMD.uasset" 423
"../../../../../../Users/max.denne/Documents/Dennick/VR_Publikum/Content/VirtualRealityBP/Maps/StartupMap.umap" 424
"../../../Engine/Content/Maps/Entry_BuiltData.uasset" 425
"../../../Engine/Content/Maps/Entry.umap" 426
